#"Step","Time (ps)","Potential Energy (kJ/mole)","Total Energy (kJ/mole)","Temperature (K)","Speed (ns/day)"
500,1.0000000000000007,-7176.135191321812,-5804.931841456432,262.60773995995487,011000,2.0000000000000013,-7104.540256103606,-5660.835062476658,276.49302206273285,98.151500,2.999999999999891,-7079.723364956187,-5448.398894506629,312.4251646323553,962000,3.999999999999781,-7058.334840731755,-5428.008810520926,312.23394709003867,92
2500,4.999999999999671,-6972.045201662953,-5385.019045830898,303.94131700546654,92.5
3000,5.999999999999561,-6941.566083325602,-5413.106767281258,292.7248147742276,92.5
3500,6.999999999999451,-6911.367874570157,-5389.933652341744,291.37939506664776,92.4
4000,7.999999999999341,-6939.494692623815,-5364.785682114962,301.5823833750885,92.5
4500,8.999999999999675,-6969.351534004911,-5301.480708287088,319.4243859817742,92.8
5000,10.000000000000009,-6972.74876122274,-5384.672286758468,304.14247010378074,92.8
5500,11.000000000000343,-6891.058559984116,-5355.060349076926,294.1686357377059,93
6000,12.000000000000677,-6836.6076265670235,-5240.772739028656,305.628332374511,93.2
6500,13.00000000000101,-7036.335152297464,-5272.913253009341,337.7239704186906,93.3
7000,14.000000000001345,-6913.705204713835,-5196.744139142429,328.8259652174924,93.5
7500,15.000000000001679,-6859.009866084627,-5251.434570641164,307.87681141043794,93.6
8000,16.00000000000201,-6956.391089403972,-5427.769212591717,292.7559478048397,93.6
8500,17.000000000001457,-6913.801304446862,-5311.774371141943,306.8142098336365,93.7
9000,18.000000000000902,-6812.638174598863,-5100.634444193822,327.8765549171232,93.8
9500,19.000000000000348,-6902.565201133109,-5335.162222225396,300.18315951304083,93.9
10000,19.999999999999794,-6917.520586455499,-5345.801875648042,301.0096923541223,93.9
10500,20.99999999999924,-6925.797682067362,-5308.85244690328,309.6713072405673,94
11000,21.999999999998685,-6945.016297545542,-5396.1080141009015,296.6411245717742,94
11500,22.99999999999813,-7020.200499682918,-5356.32920891652,318.65840999827964,94.1
12000,23.999999999997577,-6880.820985649134,-5243.273929152758,313.61689105179687,94.1
12500,24.999999999997023,-7038.28610587846,-5414.799182647394,310.92414688609637,94.2
13000,25.99999999999647,-7090.315523850533,-5606.333785828662,284.2066352901116,94.3
13500,26.999999999995914,-6934.840878196752,-5347.825579343994,303.93923771737525,94.3
14000,27.99999999999536,-6938.385360071688,-5264.082993826835,320.65613058218685,94.4
14500,28.999999999994806,-6975.266661082447,-5357.597287720961,309.8099914812803,94.4
15000,29.99999999999425,-6952.403962319257,-5387.321488888045,299.7387449783121,94.4
15500,30.999999999993697,-6929.7669506635875,-5348.973221178008,302.74770600861785,94.4
16000,31.999999999993143,-7015.500182945401,-5489.772878437461,292.2015901371303,94.5
16500,32.999999999994365,-7015.855487301862,-5492.056880275861,291.83221320492834,94.5
17000,33.99999999999559,-6969.823620420348,-5492.682229184909,282.8965976430305,94.5
17500,34.99999999999681,-7075.737091343888,-5469.212971027886,307.6754942793563,94.5
18000,35.99999999999803,-6945.310742050129,-5387.9032511707765,298.26886100933444,94.5
18500,36.999999999999254,-6804.25200037983,-5218.761463752209,303.6472209556317,94.6
19000,38.000000000000476,-6918.624560901628,-5192.422843575137,330.59570029974566,93.4
19500,39.0000000000017,-7078.857813258472,-5572.769631845966,288.4403786936245,92
20000,40.00000000000292,-7000.693670551769,-5452.365262119594,296.53006907697977,85.7
20500,41.00000000000414,-6866.842529955386,-5281.7093756178165,303.5787764353487,84.7
21000,42.000000000005365,-6907.324969708108,-5285.266164139759,310.650639129687,83.8
21500,43.00000000000659,-6872.510921685419,-5252.15943891081,310.3236590502623,83
22000,44.00000000000781,-6911.859956044012,-5313.123394209281,306.1840501891901,82.2
22500,45.00000000000903,-6911.819911586313,-5306.44048644,307.4562665393681,81.5
23000,46.00000000001025,-6821.979049260813,-5261.745688869919,298.81006097498533,80.9
23500,47.000000000011475,-6846.428710829657,-5119.423360641317,330.74960906143906,80.3
24000,48.0000000000127,-6988.364885765487,-5368.360248464107,310.2572325017501,79.6
24500,49.00000000001392,-6903.945579700116,-5283.985207660353,310.2487549843101,79.1
25000,50.00000000001514,-6953.62607382241,-5174.421804218797,340.746550986459,78.6
25500,51.000000000016364,-6840.859655337859,-5203.241539096524,313.63050014852763,78.1
26000,52.000000000017586,-7026.11414674761,-5468.41935008473,298.3238847390365,77.6
26500,53.00000000001881,-6970.961827238321,-5428.242450923535,295.4558482126166,77.1
27000,54.00000000002003,-7019.156954343073,-5337.64260630402,322.037342376771,76.7
27500,55.00000000002125,-6895.941172102908,-5395.183785788696,287.41944474309844,76.3
28000,56.000000000022474,-6884.40580920496,-5235.214573352916,315.846940755643,75.9
28500,57.0000000000237,-6974.276086867705,-5173.572586862374,344.8640032281179,75.5
29000,58.00000000002492,-6914.362607804753,-5208.960501964276,326.6122364576223,75.2
29500,59.00000000002614,-6984.008948185317,-5236.3811855497715,334.69913640602635,74.8
30000,60.00000000002736,-6987.302427370093,-5346.389435298361,314.2615224512037,74.4
30500,61.000000000028585,-7011.791342263237,-5483.242774572764,292.7419079158684,74.1
31000,62.00000000002981,-6859.179679835891,-5208.025101464322,316.22295277593946,73.8
31500,63.00000000003103,-6846.1220235445935,-5132.756805841971,328.1373018750687,73.5
32000,64.00000000003224,-6857.654449114929,-5192.886799173107,318.8300773569347,73.3
32500,65.00000000002991,-6921.831952147564,-5241.763623278697,321.76040619056744,73
33000,66.00000000002758,-6979.704282541232,-5304.9197832828695,320.74846689470405,72.7
33500,67.00000000002525,-6929.8534264452655,-5387.116679759047,295.4591749212223,72.5
34000,68.00000000002292,-6944.211591719092,-5419.4708715175275,292.0126431986601,72.3
34500,69.00000000002059,-6950.38660561582,-5302.365499932745,315.6228417996699,72
35000,70.00000000001826,-6984.636332516069,-5376.632811897344,307.95882349528347,71.8
35500,71.00000000001593,-7013.000991441154,-5387.39144539984,311.33066367227644,71.6
36000,72.0000000000136,-6975.966675210757,-5357.158385539009,310.02811247571236,71.4
36500,73.00000000001127,-6919.017471720168,-5366.234929206779,297.38310818650433,71.2
37000,74.00000000000894,-6878.427654196963,-5297.960263472449,302.6852068289645,71
37500,75.00000000000661,-6964.491740704639,-5357.722475326643,307.7224435452684,70.8
38000,76.00000000000428,-6951.196413232834,-5304.296583530691,315.40809921517064,70.6
38500,77.00000000000195,-6977.083879723288,-5350.963669425765,311.42846418174474,70.4
39000,77.99999999999962,-6855.161464057832,-5252.271242036446,306.97954366161065,70.3
39500,78.99999999999729,-6855.680368000323,-5379.654038778297,282.68304513436277,70.1
40000,79.99999999999496,-6907.327695314076,-5254.215017774809,316.5979606090933,69.9
40500,80.99999999999262,-6966.10642444579,-5307.683876716152,317.61488709947207,69.8
41000,81.9999999999903,-6978.355385887189,-5368.420836129744,308.3286469776764,69.6
41500,82.99999999998796,-6986.074527720842,-5471.865215850121,289.99570724191096,69.5
42000,83.99999999998563,-6982.201574025685,-5389.757674948789,304.97890294000393,69.3
42500,84.9999999999833,-6948.286799964276,-5323.960505916077,311.0849000473962,69.2
43000,85.99999999998097,-7012.6662224545435,-5366.177178747161,315.32942701698664,69.1
43500,86.99999999997864,-6898.951773018995,-5365.835012570611,293.61679111679837,68.9
44000,87.99999999997631,-6979.9531415824,-5287.172151827865,324.1950874830179,68.8
44500,88.99999999997398,-6998.6308326540475,-5349.767228380757,315.7841939803787,68.7
45000,89.99999999997165,-7005.948895708636,-5472.287496597516,293.7210982776072,68.5
45500,90.99999999996932,-6943.2436318384425,-5324.082073284582,310.095769211483,68.4
46000,91.99999999996699,-6944.402170294275,-5319.659592687169,311.16462511851535,68.3
46500,92.99999999996466,-6922.710867288229,-5378.564304653074,295.7291776018209,68.2
47000,93.99999999996233,-6952.669985988567,-5421.651220674836,293.21499093098925,68.1
47500,94.99999999996,-6910.075930945708,-5438.9356173587585,281.74729368403086,68
48000,95.99999999995767,-7023.224069091488,-5402.358151830518,310.42218162011596,67.9
48500,96.99999999995534,-6995.437996317353,-5490.703956301798,288.18103859510853,67.8
49000,97.999999999953,-7075.244204388652,-5612.374008926832,280.16343157469777,67.7
49500,98.99999999995067,-7022.940208561156,-5389.68160775441,312.795582048517,67.6
50000,99.99999999994834,-6941.311579010812,-5301.9156967103945,313.9709712588112,67.5
